


materialPath: C:\Program Files (x86)\Steam\steamapps\common\Counter-Strike Global Offensive\csgo\materials
Loading C:\Users\quentin\Documents\GitHub\rp_portland_v2\mairie mapping.vmf
Map revision 2254
fixing up env_cubemap materials on brush sides...
0...1...2...3...4...5...6...7...8...9...10**** leaked ****
Entity point_worldtext (12578.00 -4530.00 372.00) leaked!
Processing areas...done (0)
Building Faces...done (0)
Chop Details...done (0)
Find Visible Detail Sides...
Merged 20 detail faces...done (0)
Merging details...done (0)
FixTjuncs...
PruneNodes...
WriteBSP...
done (0)
Finding displacement neighbors...
Finding lightmap sample positions...
Displacement Alpha : 0...1...2...3...4...5...6...7...8...9...10
Building Physics collision data...
done (0) (92906 bytes)
Error! prop_static using model "models/props/cs_assault/money.mdl", which must be used on a dynamic entity (i.e. prop_physics). Deleted.
Error loading studio model "models/props/cs_assault/money.mdl"!
Error! To use model "models/schooufirp/money_sack_nobreak.mdl"
      with prop_static, it must be compiled with $staticprop!
Error loading studio model "models/schooufirp/money_sack_nobreak.mdl"!
Error! To use model "models/pyroteknik/money_sack_nobreak.mdl"
      with prop_static, it must be compiled with $staticprop!
Error loading studio model "models/pyroteknik/money_sack_nobreak.mdl"!
Error loading studio model ""!
Placing detail props : 0...1...2...3...4...5...6...7...8...9...10
Compacting texture/material tables...
Reduced 429 texinfos to 234
Reduced 33 texdatas to 28 (886 bytes to 634)
Writing C:\Users\quentin\Documents\GitHub\rp_portland_v2\mairie mapping.bsp
MSG_FILEWRITE - Filesystem was asked to write to 'c:\users\quentin\documents\github\rp_portland_v2\mairie mapping.bsp', but we don't own that location. Allowing...
1 second elapsed
