


materialPath: C:\Program Files (x86)\Steam\steamapps\common\Counter-Strike Global Offensive\csgo\materials
Loading C:\Users\quentin\Documents\GitHub\rp_portland_v2\mapping tueur.vmf
Map revision 2232
fixing up env_cubemap materials on brush sides...
0...1...2...3...4...5...6...7...8...9...10**** leaked ****
Entity prop_static (13269.30 5187.74 341.47) leaked!
Processing areas...done (0)
Building Faces...done (0)
Chop Details...done (0)
Find Visible Detail Sides...
Merged 48 detail faces...done (0)
Merging details...done (0)
FixTjuncs...
PruneNodes...
WriteBSP...
done (0)
Finding displacement neighbors...
Finding lightmap sample positions...
Displacement Alpha : 0...1...2...3...4...5...6...7...8...9...10
Building Physics collision data...
done (0) (38190 bytes)
Placing detail props : 0...1...2...3...4...5...6...7...8...9...10
Compacting texture/material tables...
Reduced 143 texinfos to 82
Reduced 20 texdatas to 19 (464 bytes to 434)
Writing C:\Users\quentin\Documents\GitHub\rp_portland_v2\mapping tueur.bsp
MSG_FILEWRITE - Filesystem was asked to write to 'c:\users\quentin\documents\github\rp_portland_v2\mapping tueur.bsp', but we don't own that location. Allowing...
0 seconds elapsed



materialPath: C:\Program Files (x86)\Steam\steamapps\common\Counter-Strike Global Offensive\csgo\materials
Loading C:\Users\quentin\Documents\GitHub\rp_portland_v2\mapping tueur.vmf
Map revision 2232
fixing up env_cubemap materials on brush sides...
0...1...2...3...4...5...6...7...8...9...10**** leaked ****
Entity prop_static (13269.30 5187.74 341.47) leaked!
Processing areas...done (0)
Building Faces...done (0)
Chop Details...done (0)
Find Visible Detail Sides...
Merged 48 detail faces...done (0)
Merging details...done (0)
FixTjuncs...
PruneNodes...
WriteBSP...
done (0)
Finding displacement neighbors...
Finding lightmap sample positions...
Displacement Alpha : 0...1...2...3...4...5...6...7...8...9...10
Building Physics collision data...
done (0) (38190 bytes)
Placing detail props : 0...1...2...3...4...5...6...7...8...9...10
Compacting texture/material tables...
Reduced 143 texinfos to 82
Reduced 20 texdatas to 19 (464 bytes to 434)
Writing C:\Users\quentin\Documents\GitHub\rp_portland_v2\mapping tueur.bsp
MSG_FILEWRITE - Filesystem was asked to write to 'c:\users\quentin\documents\github\rp_portland_v2\mapping tueur.bsp', but we don't own that location. Allowing...
0 seconds elapsed
