


materialPath: C:\Program Files (x86)\Steam\steamapps\common\Counter-Strike Global Offensive\csgo\materials
Loading C:\Users\quentin\Documents\GitHub\rp_portland_v2\rp_portland_v2.vmf
Map revision 3473
Can't find surfaceprop marble for material AGENCY/WALL/MARBLE01, using default
Can't find surfaceprop marble for material AGENCY/FLOOR/MARBLE02, using default
Material not found!: RP_PORTLAND_V2/LED/CASINO_STRIP
Material not found!: RP_PORTLAND_V2/WALL/WALL03
Material not found!: RP_PORTLAND_V2/LED/STRIP02
Can't find surfaceprop marble for material AGENCY/FLOOR/MARBLE01A, using default
Can't find surfaceprop stone for material BRICK/HR_BRICK/INFERNO/BRICK_F, using default
Can't find surfaceprop marble for material AGENCY/FLOOR/TILE01, using default
Patching WVT material: maps/rp_portland_v2/nature/blend_dirt_concrete_07_aztec_wvt_patch
Patching WVT material: maps/rp_portland_v2/asphalt/hr_c/hr_asphalt_gravel_blend_001_wvt_patch
Patching WVT material: maps/rp_portland_v2/de_dust/hr_dust/hr_dust_blend_brick01-plaster01_wvt_patch
fixing up env_cubemap materials on brush sides...
0...1...2...3...4...5...6...7...8...9...100...1...2...3...4...5...6...7...8...9...10Processing areas...done (0)
Building Faces...done (0)
Chop Details...done (0)
Find Visible Detail Sides...
Merged 202 detail faces...done (0)
Merging details...done (0)
FixTjuncs...
PruneNodes...
WriteBSP...
done (2)
writing C:\Users\quentin\Documents\GitHub\rp_portland_v2\rp_portland_v2.prt...Building visibility clusters...
AutoVisClustering (threshold=-1) matched 0 leafs.
done (0)
Finding displacement neighbors...
Finding lightmap sample positions...
Displacement Alpha : 0...1...2...3...4...5...6...7...8...9...10
Building Physics collision data...
done (1) (1907475 bytes)
Error! prop_static using model "models/props/cs_assault/money.mdl", which must be used on a dynamic entity (i.e. prop_physics). Deleted.
Error loading studio model "models/props/cs_assault/money.mdl"!
Error! To use model "models/schooufirp/money_sack_nobreak.mdl"
      with prop_static, it must be compiled with $staticprop!
Error loading studio model "models/schooufirp/money_sack_nobreak.mdl"!
Placing detail props : 0...1...2...3...4...5...6...7...8...9...10
Compacting texture/material tables...
Reduced 9817 texinfos to 4907
Reduced 697 texdatas to 597 (36312 bytes to 32329)
Writing C:\Users\quentin\Documents\GitHub\rp_portland_v2\rp_portland_v2.bsp
MSG_FILEWRITE - Filesystem was asked to write to 'c:\users\quentin\documents\github\rp_portland_v2\rp_portland_v2.bsp', but we don't own that location. Allowing...
16 seconds elapsed



materialPath: C:\Program Files (x86)\Steam\steamapps\common\Counter-Strike Global Offensive\csgo\materials
Loading C:\Users\quentin\Documents\GitHub\rp_portland_v2\rp_portland_v2.vmf
Map revision 3476
Can't find surfaceprop marble for material AGENCY/WALL/MARBLE01, using default
Can't find surfaceprop marble for material AGENCY/FLOOR/MARBLE02, using default
Material not found!: RP_PORTLAND_V2/LED/CASINO_STRIP
Material not found!: RP_PORTLAND_V2/WALL/WALL03
Material not found!: RP_PORTLAND_V2/LED/STRIP02
Can't find surfaceprop marble for material AGENCY/FLOOR/MARBLE01A, using default
Can't find surfaceprop stone for material BRICK/HR_BRICK/INFERNO/BRICK_F, using default
Can't find surfaceprop marble for material AGENCY/FLOOR/TILE01, using default
Patching WVT material: maps/rp_portland_v2/nature/blend_dirt_concrete_07_aztec_wvt_patch
Patching WVT material: maps/rp_portland_v2/asphalt/hr_c/hr_asphalt_gravel_blend_001_wvt_patch
Patching WVT material: maps/rp_portland_v2/de_dust/hr_dust/hr_dust_blend_brick01-plaster01_wvt_patch
fixing up env_cubemap materials on brush sides...
0...1...2...3...4...5...6...7...8...9...100...1...2...3...4...5...6...7...8...9...10Processing areas...done (0)
Building Faces...done (0)
Chop Details...done (0)
Find Visible Detail Sides...
Merged 202 detail faces...done (0)
Merging details...done (0)
FixTjuncs...
PruneNodes...
WriteBSP...
done (2)
writing C:\Users\quentin\Documents\GitHub\rp_portland_v2\rp_portland_v2.prt...Building visibility clusters...
AutoVisClustering (threshold=-1) matched 0 leafs.
done (0)
Finding displacement neighbors...
Finding lightmap sample positions...
Displacement Alpha : 0...1...2...3...4...5...6...7...8...9...10
Building Physics collision data...
done (2) (1907475 bytes)
Error! prop_static using model "models/props_c17/hospital_ivstand02.mdl", which must be used on a dynamic entity (i.e. prop_physics). Deleted.
Error loading studio model "models/props_c17/hospital_ivstand02.mdl"!
Error! prop_static using model "models/props/cs_assault/money.mdl", which must be used on a dynamic entity (i.e. prop_physics). Deleted.
Error loading studio model "models/props/cs_assault/money.mdl"!
Error! To use model "models/schooufirp/money_sack_nobreak.mdl"
      with prop_static, it must be compiled with $staticprop!
Error loading studio model "models/schooufirp/money_sack_nobreak.mdl"!
Error! To use model "models/props_unique/hospital/gurney.mdl"
      with prop_static, it must be compiled with $staticprop!
Error loading studio model "models/props_unique/hospital/gurney.mdl"!
Placing detail props : 0...1...2...3...4...5...6...7...8...9...10
Compacting texture/material tables...
Reduced 9817 texinfos to 4907
Reduced 697 texdatas to 597 (36312 bytes to 32329)
Writing C:\Users\quentin\Documents\GitHub\rp_portland_v2\rp_portland_v2.bsp
MSG_FILEWRITE - Filesystem was asked to write to 'c:\users\quentin\documents\github\rp_portland_v2\rp_portland_v2.bsp', but we don't own that location. Allowing...
16 seconds elapsed



materialPath: C:\Program Files (x86)\Steam\steamapps\common\Counter-Strike Global Offensive\csgo\materials
Loading C:\Users\quentin\Documents\GitHub\rp_portland_v2\rp_portland_v2.vmf
Map revision 3477
Can't find surfaceprop marble for material AGENCY/WALL/MARBLE01, using default
Can't find surfaceprop marble for material AGENCY/FLOOR/MARBLE02, using default
Material not found!: RP_PORTLAND_V2/LED/CASINO_STRIP
Material not found!: RP_PORTLAND_V2/WALL/WALL03
Material not found!: RP_PORTLAND_V2/LED/STRIP02
Can't find surfaceprop marble for material AGENCY/FLOOR/MARBLE01A, using default
Can't find surfaceprop stone for material BRICK/HR_BRICK/INFERNO/BRICK_F, using default
Can't find surfaceprop marble for material AGENCY/FLOOR/TILE01, using default
Patching WVT material: maps/rp_portland_v2/nature/blend_dirt_concrete_07_aztec_wvt_patch
Patching WVT material: maps/rp_portland_v2/asphalt/hr_c/hr_asphalt_gravel_blend_001_wvt_patch
Patching WVT material: maps/rp_portland_v2/de_dust/hr_dust/hr_dust_blend_brick01-plaster01_wvt_patch
fixing up env_cubemap materials on brush sides...
0...1...2...3...4...5...6...7...8...9...100...1...2...3...4...5...6...7...8...9...10Processing areas...done (0)
Building Faces...done (1)
Chop Details...done (0)
Find Visible Detail Sides...
Merged 202 detail faces...done (0)
Merging details...done (0)
FixTjuncs...
PruneNodes...
WriteBSP...
done (1)
writing C:\Users\quentin\Documents\GitHub\rp_portland_v2\rp_portland_v2.prt...Building visibility clusters...
AutoVisClustering (threshold=-1) matched 0 leafs.
done (0)
Finding displacement neighbors...
Finding lightmap sample positions...
Displacement Alpha : 0...1...2...3...4...5...6...7...8...9...10
Building Physics collision data...
done (1) (1907475 bytes)
Error! prop_static using model "models/props_c17/hospital_ivstand02.mdl", which must be used on a dynamic entity (i.e. prop_physics). Deleted.
Error loading studio model "models/props_c17/hospital_ivstand02.mdl"!
Error! prop_static using model "models/props_c17/hospital_ivstand01.mdl", which must be used on a dynamic entity (i.e. prop_physics). Deleted.
Error loading studio model "models/props_c17/hospital_ivstand01.mdl"!
Error! prop_static using model "models/props/cs_assault/money.mdl", which must be used on a dynamic entity (i.e. prop_physics). Deleted.
Error loading studio model "models/props/cs_assault/money.mdl"!
Error! To use model "models/schooufirp/money_sack_nobreak.mdl"
      with prop_static, it must be compiled with $staticprop!
Error loading studio model "models/schooufirp/money_sack_nobreak.mdl"!
Error! To use model "models/props_unique/hospital/gurney.mdl"
      with prop_static, it must be compiled with $staticprop!
Error loading studio model "models/props_unique/hospital/gurney.mdl"!
Placing detail props : 0...1...2...3...4...5...6...7...8...9...10
Compacting texture/material tables...
Reduced 9817 texinfos to 4907
Reduced 697 texdatas to 597 (36312 bytes to 32329)
Writing C:\Users\quentin\Documents\GitHub\rp_portland_v2\rp_portland_v2.bsp
MSG_FILEWRITE - Filesystem was asked to write to 'c:\users\quentin\documents\github\rp_portland_v2\rp_portland_v2.bsp', but we don't own that location. Allowing...
19 seconds elapsed



materialPath: C:\Program Files (x86)\Steam\steamapps\common\Counter-Strike Global Offensive\csgo\materials
Loading C:\Users\quentin\Documents\GitHub\rp_portland_v2\rp_portland_v2.vmf
Map revision 3482
Can't find surfaceprop marble for material AGENCY/WALL/MARBLE01, using default
Can't find surfaceprop marble for material AGENCY/FLOOR/MARBLE02, using default
Material not found!: RP_PORTLAND_V2/LED/CASINO_STRIP
Material not found!: RP_PORTLAND_V2/WALL/WALL03
Material not found!: RP_PORTLAND_V2/LED/STRIP02
Can't find surfaceprop marble for material AGENCY/FLOOR/MARBLE01A, using default
Can't find surfaceprop stone for material BRICK/HR_BRICK/INFERNO/BRICK_F, using default
Can't find surfaceprop marble for material AGENCY/FLOOR/TILE01, using default
Patching WVT material: maps/rp_portland_v2/nature/blend_dirt_concrete_07_aztec_wvt_patch
Patching WVT material: maps/rp_portland_v2/asphalt/hr_c/hr_asphalt_gravel_blend_001_wvt_patch
Patching WVT material: maps/rp_portland_v2/de_dust/hr_dust/hr_dust_blend_brick01-plaster01_wvt_patch
fixing up env_cubemap materials on brush sides...
0...1...2...3...4...5...6...7...8...9...10**** leaked ****
Entity prop_static (-5261.86 672.24 -261.50) leaked!
Processing areas...done (0)
Building Faces...done (0)
Chop Details...done (0)
Find Visible Detail Sides...
Merged 202 detail faces...done (0)
Merging details...done (0)
FixTjuncs...
PruneNodes...
WriteBSP...
done (2)
Finding displacement neighbors...
Finding lightmap sample positions...
Displacement Alpha : 0...1...2...3...4...5...6...7...8...9...10
Building Physics collision data...
done (1) (1909531 bytes)
Error loading studio model ""!
Error! prop_static using model "models/props_c17/hospital_ivstand02.mdl", which must be used on a dynamic entity (i.e. prop_physics). Deleted.
Error loading studio model "models/props_c17/hospital_ivstand02.mdl"!
Error! prop_static using model "models/props_c17/hospital_ivstand01.mdl", which must be used on a dynamic entity (i.e. prop_physics). Deleted.
Error loading studio model "models/props_c17/hospital_ivstand01.mdl"!
Error! prop_static using model "models/props/cs_assault/money.mdl", which must be used on a dynamic entity (i.e. prop_physics). Deleted.
Error loading studio model "models/props/cs_assault/money.mdl"!
Error! To use model "models/schooufirp/money_sack_nobreak.mdl"
      with prop_static, it must be compiled with $staticprop!
Error loading studio model "models/schooufirp/money_sack_nobreak.mdl"!
Error! To use model "models/props_unique/hospital/gurney.mdl"
      with prop_static, it must be compiled with $staticprop!
Error loading studio model "models/props_unique/hospital/gurney.mdl"!
Placing detail props : 0...1...2...3...4...5...6...7...8...9...10
Compacting texture/material tables...
Reduced 9833 texinfos to 4924
Reduced 695 texdatas to 599 (36168 bytes to 32449)
Writing C:\Users\quentin\Documents\GitHub\rp_portland_v2\rp_portland_v2.bsp
MSG_FILEWRITE - Filesystem was asked to write to 'c:\users\quentin\documents\github\rp_portland_v2\rp_portland_v2.bsp', but we don't own that location. Allowing...
21 seconds elapsed



materialPath: C:\Program Files (x86)\Steam\steamapps\common\Counter-Strike Global Offensive\csgo\materials
Loading C:\Users\quentin\Documents\GitHub\rp_portland_v2\rp_portland_v2.vmf
Map revision 3483
Can't find surfaceprop marble for material AGENCY/WALL/MARBLE01, using default
Can't find surfaceprop marble for material AGENCY/FLOOR/MARBLE02, using default
Material not found!: RP_PORTLAND_V2/LED/CASINO_STRIP
Material not found!: RP_PORTLAND_V2/WALL/WALL03
Material not found!: RP_PORTLAND_V2/LED/STRIP02
Can't find surfaceprop marble for material AGENCY/FLOOR/MARBLE01A, using default
Can't find surfaceprop stone for material BRICK/HR_BRICK/INFERNO/BRICK_F, using default
Can't find surfaceprop marble for material AGENCY/FLOOR/TILE01, using default
Patching WVT material: maps/rp_portland_v2/nature/blend_dirt_concrete_07_aztec_wvt_patch
Patching WVT material: maps/rp_portland_v2/asphalt/hr_c/hr_asphalt_gravel_blend_001_wvt_patch
Patching WVT material: maps/rp_portland_v2/de_dust/hr_dust/hr_dust_blend_brick01-plaster01_wvt_patch
fixing up env_cubemap materials on brush sides...
0...1...2...3...4...5...6...7...8...9...10**** leaked ****
Entity prop_static (-5261.86 672.24 -261.50) leaked!
Processing areas...done (0)
Building Faces...done (0)
Chop Details...done (0)
Find Visible Detail Sides...
Merged 202 detail faces...done (0)
Merging details...done (0)
FixTjuncs...
PruneNodes...
WriteBSP...
done (2)
Finding displacement neighbors...
Finding lightmap sample positions...
Displacement Alpha : 0...1...2...3...4...5...6...7...8...9...10
Building Physics collision data...
done (1) (1909531 bytes)
Error loading studio model ""!
Error! prop_static using model "models/props_c17/hospital_ivstand02.mdl", which must be used on a dynamic entity (i.e. prop_physics). Deleted.
Error loading studio model "models/props_c17/hospital_ivstand02.mdl"!
Error! prop_static using model "models/props_c17/hospital_ivstand01.mdl", which must be used on a dynamic entity (i.e. prop_physics). Deleted.
Error loading studio model "models/props_c17/hospital_ivstand01.mdl"!
Error! prop_static using model "models/props/cs_assault/money.mdl", which must be used on a dynamic entity (i.e. prop_physics). Deleted.
Error loading studio model "models/props/cs_assault/money.mdl"!
Error! To use model "models/schooufirp/money_sack_nobreak.mdl"
      with prop_static, it must be compiled with $staticprop!
Error loading studio model "models/schooufirp/money_sack_nobreak.mdl"!
Error! To use model "models/props_unique/hospital/gurney.mdl"
      with prop_static, it must be compiled with $staticprop!
Error loading studio model "models/props_unique/hospital/gurney.mdl"!
Placing detail props : 0...1...2...3...4...5...6...7...8...9...10
Compacting texture/material tables...
Reduced 9839 texinfos to 4936
Reduced 696 texdatas to 600 (36182 bytes to 32463)
Writing C:\Users\quentin\Documents\GitHub\rp_portland_v2\rp_portland_v2.bsp
MSG_FILEWRITE - Filesystem was asked to write to 'c:\users\quentin\documents\github\rp_portland_v2\rp_portland_v2.bsp', but we don't own that location. Allowing...
19 seconds elapsed
